<?xml version="1.0" encoding="UTF-8"?>
<testng-results skipped="0" failed="0" total="1" passed="1">
  <reporter-output>
  </reporter-output>
  <suite name="BDD Test Suite" duration-ms="1045" started-at="2020-03-18T07:05:20Z" finished-at="2020-03-18T07:05:21Z">
    <groups>
      <group name="cucumber">
        <method signature="TestRunner.feature(cucumber.api.testng.CucumberFeatureWrapper)[pri:0, instance:runner.TestRunner@2acf57e3]" name="feature" class="runner.TestRunner"/>
      </group> <!-- cucumber -->
    </groups>
    <test name="Login and Update Profile Test" duration-ms="1045" started-at="2020-03-18T07:05:20Z" finished-at="2020-03-18T07:05:21Z">
      <class name="runner.TestRunner">
        <test-method status="PASS" signature="setUpClass()[pri:0, instance:runner.TestRunner@2acf57e3]" name="setUpClass" is-config="true" duration-ms="333" started-at="2020-03-18T12:35:20Z" finished-at="2020-03-18T12:35:20Z">
          <reporter-output>
          </reporter-output>
        </test-method> <!-- setUpClass -->
        <test-method status="PASS" signature="feature(cucumber.api.testng.CucumberFeatureWrapper)[pri:0, instance:runner.TestRunner@2acf57e3]" name="feature" duration-ms="545" started-at="2020-03-18T12:35:21Z" description="Runs Cucumber Feature" data-provider="features" finished-at="2020-03-18T12:35:21Z">
          <params>
            <param index="0">
              <value>
                <![CDATA[DemoQA Tests]]>
              </value>
            </param>
          </params>
          <reporter-output>
          </reporter-output>
        </test-method> <!-- feature -->
        <test-method status="PASS" signature="tearDownClass()[pri:0, instance:runner.TestRunner@2acf57e3]" name="tearDownClass" is-config="true" duration-ms="40" started-at="2020-03-18T12:35:21Z" finished-at="2020-03-18T12:35:21Z">
          <reporter-output>
          </reporter-output>
        </test-method> <!-- tearDownClass -->
      </class> <!-- runner.TestRunner -->
    </test> <!-- Login and Update Profile Test -->
  </suite> <!-- BDD Test Suite -->
</testng-results>
